<?xml version="1.0" encoding="UTF-8"?>
<!-- Generated by org.testng.reporters.JUnitReportReporter -->
<testsuite hostname="DESKTOP-BEE35AR" failures="0" tests="3" name="Bizupautomation.bizup.EnquiryFlows" time="393.256" errors="0" timestamp="2024-05-17T11:13:19 IST" skipped="0">
  <testcase classname="Bizupautomation.bizup.EnquiryFlows" name="EnquiryVideoFlow" time="153.519"/>
  <testcase classname="Bizupautomation.bizup.EnquiryFlows" name="EnquiryTabFlow" time="98.451"/>
  <testcase classname="Bizupautomation.bizup.EnquiryFlows" name="SearchEnquiryFlow" time="141.286"/>
</testsuite> <!-- Bizupautomation.bizup.EnquiryFlows -->
