<?xml version="1.0" encoding="UTF-8"?>
<!-- Generated by org.testng.reporters.JUnitReportReporter -->
<testsuite hostname="DESKTOP-BEE35AR" failures="0" tests="2" name="Bizupautomation.bizup.PlayStoreInstall" time="88.414" errors="0" timestamp="2024-05-05T12:18:06 IST" skipped="0">
  <testcase classname="Bizupautomation.bizup.PlayStoreInstall" name="LoginFlow" time="20.838"/>
  <system-out/>
  <testcase classname="Bizupautomation.bizup.PlayStoreInstall" name="InstallFlow" time="67.576"/>
  <system-out/>
</testsuite> <!-- Bizupautomation.bizup.PlayStoreInstall -->
