<?xml version="1.0" encoding="UTF-8"?>
<!-- Generated by org.testng.reporters.JUnitReportReporter -->
<testsuite hostname="DESKTOP-BEE35AR" failures="0" tests="1" name="Bizupautomation.testCases.TestEvents" time="6.276" errors="0" timestamp="2025-01-17T17:18:02 IST" skipped="0">
  <testcase classname="Bizupautomation.testCases.TestEvents" name="LoginLanguageEvent" time="6.276"/>
</testsuite> <!-- Bizupautomation.testCases.TestEvents -->
