<?xml version="1.0" encoding="UTF-8"?>
<!-- Generated by org.testng.reporters.JUnitReportReporter -->
<testsuite hostname="DESKTOP-BEE35AR" failures="0" tests="1" name="Bizupautomation.testCases.CartFlows" time="86.041" errors="0" timestamp="2025-01-16T16:00:39 IST" skipped="0">
  <testcase classname="Bizupautomation.testCases.CartFlows" name="SearchCartFlow" time="86.041"/>
</testsuite> <!-- Bizupautomation.testCases.CartFlows -->
