<?xml version="1.0" encoding="UTF-8"?>
<!-- Generated by org.testng.reporters.JUnitReportReporter -->
<testsuite hostname="DESKTOP-BEE35AR" failures="0" tests="1" name="Bizupautomation.bizup.Install" time="57.628" errors="0" timestamp="2024-05-17T11:13:19 IST" skipped="0">
  <testcase classname="Bizupautomation.bizup.Install" name="LoginFlow" time="57.628"/>
</testsuite> <!-- Bizupautomation.bizup.Install -->
