<?xml version="1.0" encoding="UTF-8"?>
<!-- Generated by org.testng.reporters.JUnitReportReporter -->
<testsuite hostname="DESKTOP-BEE35AR" failures="0" tests="1" name="Bizupautomation.bizup.SellerJourney" time="100.056" errors="0" timestamp="2024-05-18T17:18:07 IST" skipped="0">
  <testcase classname="Bizupautomation.bizup.SellerJourney" name="SellerJourneyFlow" time="100.056"/>
</testsuite> <!-- Bizupautomation.bizup.SellerJourney -->
