<?xml version="1.0" encoding="UTF-8"?>
<!-- Generated by org.testng.reporters.JUnitReportReporter -->
<testsuite hostname="DESKTOP-BEE35AR" failures="0" tests="2" name="Bizupautomation.testCases.TestSmoke" time="94.913" errors="0" timestamp="2025-01-30T14:22:52 IST" skipped="0">
  <testcase classname="Bizupautomation.testCases.TestSmoke" name="LoginFlow" time="50.952"/>
  <testcase classname="Bizupautomation.testCases.TestSmoke" name="HomeVideoCartFlow" time="43.961"/>
</testsuite> <!-- Bizupautomation.testCases.TestSmoke -->
