<?xml version="1.0" encoding="UTF-8"?>
<!-- Generated by org.testng.reporters.JUnitReportReporter -->
<testsuite hostname="DESKTOP-BEE35AR" failures="0" tests="1" name="Bizupautomation.bizup.Enquiryflow" time="337.420" errors="0" timestamp="2024-04-17T17:21:26 IST" skipped="0">
  <testcase classname="Bizupautomation.bizup.Enquiryflow" name="EnquiryFlow" time="337.420"/>
  <system-out/>
</testsuite> <!-- Bizupautomation.bizup.Enquiryflow -->
