<?xml version="1.0" encoding="UTF-8"?>
<!-- Generated by org.testng.reporters.JUnitReportReporter -->
<testsuite hostname="DESKTOP-BEE35AR" failures="0" tests="2" name="Bizupautomation.bizup.Save" time="61.332" errors="0" timestamp="2024-05-17T17:37:31 IST" skipped="0">
  <testcase classname="Bizupautomation.bizup.Save" name="DirectionAndSample" time="25.639"/>
  <testcase classname="Bizupautomation.bizup.Save" name="SaveFlow" time="35.693"/>
</testsuite> <!-- Bizupautomation.bizup.Save -->
