<?xml version="1.0" encoding="UTF-8"?>
<!-- Generated by org.testng.reporters.JUnitReportReporter -->
<testsuite hostname="DESKTOP-BEE35AR" failures="0" tests="1" name="Bizupautomation.testCases.Agent" time="128.634" errors="0" timestamp="2024-05-27T14:06:55 IST" skipped="0">
  <testcase classname="Bizupautomation.testCases.Agent" name="AgentFlow" time="128.634"/>
</testsuite> <!-- Bizupautomation.testCases.Agent -->
