<?xml version="1.0" encoding="UTF-8"?>
<!-- Generated by org.testng.reporters.JUnitReportReporter -->
<testsuite hostname="DESKTOP-BEE35AR" failures="0" tests="1" name="Bizupautomation.testCases.TestProfile" time="0.000" errors="0" timestamp="2025-01-17T17:21:56 IST" skipped="1">
  <testcase classname="Bizupautomation.testCases.TestProfile" name="ProfileFlow" time="0.000">
    <skipped/>
  </testcase> <!-- ProfileFlow -->
</testsuite> <!-- Bizupautomation.testCases.TestProfile -->
