<?xml version="1.0" encoding="UTF-8"?>
<!-- Generated by org.testng.reporters.JUnitReportReporter -->
<testsuite hostname="DESKTOP-BEE35AR" failures="0" tests="1" name="Bizupautomation.testCases.TestInstallAndLogin" time="49.070" errors="0" timestamp="2025-01-27T15:00:07 IST" skipped="0">
  <testcase classname="Bizupautomation.testCases.TestInstallAndLogin" name="LoginFlow" time="49.070"/>
</testsuite> <!-- Bizupautomation.testCases.TestInstallAndLogin -->
